... start wrapping analyses
... preparing event selection:  cascade_all
... reading nue
... done
... reading numu
... done
... reading nutau
... done
... reading muon
... done
... reading data
... done
... filling histograms
... done
... jointly analyze 1 event selections.
... wrapping done
... commencing numerical minimization (12 parameters)
[(0.0, 10.0), (0.0, 10.0), (0.0, 100.0), (0.0, 10.0), (0.9, 1.1), (0.9, 1.1), (0, 2), (0.9, 1.1), (-1, 1), (-0.2, 0.2), (0.0, 10.0), (0, 10.0)]
[1.5 0.9 0.2 1.  1.  1.  1.  1.  0.  0.  1.8 2.3]
-13857.123026712618
[1.50000001 0.9        0.2        1.         1.         1.
 1.         1.         0.         0.         1.8        2.3       ]
-13857.123052676818
[1.5        0.90000001 0.2        1.         1.         1.
 1.         1.         0.         0.         1.8        2.3       ]
-13857.123029015325
[1.5        0.9        0.20000001 1.         1.         1.
 1.         1.         0.         0.         1.8        2.3       ]
-13857.123026770014
[1.5        0.9        0.2        1.00000001 1.         1.
 1.         1.         0.         0.         1.8        2.3       ]
-13857.123026712618
[1.5        0.9        0.2        1.         1.00000001 1.
 1.         1.         0.         0.         1.8        2.3       ]
-13857.123018572145
[1.5        0.9        0.2        1.         1.         1.00000001
 1.         1.         0.         0.         1.8        2.3       ]
-13857.1230287999
[1.5        0.9        0.2        1.         1.         1.
 1.00000001 1.         0.         0.         1.8        2.3       ]
-13857.123026712932
[1.5        0.9        0.2        1.         1.         1.
 1.         1.00000001 0.         0.         1.8        2.3       ]
-13857.123026743888
[1.5e+00 9.0e-01 2.0e-01 1.0e+00 1.0e+00 1.0e+00 1.0e+00 1.0e+00 1.0e-08
 0.0e+00 1.8e+00 2.3e+00]
-13857.123045081535
[1.5e+00 9.0e-01 2.0e-01 1.0e+00 1.0e+00 1.0e+00 1.0e+00 1.0e+00 0.0e+00
 1.0e-08 1.8e+00 2.3e+00]
-13857.123025246014
[1.5        0.9        0.2        1.         1.         1.
 1.         1.         0.         0.         1.80000001 2.3       ]
-13857.12302719934
[1.5        0.9        0.2        1.         1.         1.
 1.         1.         0.         0.         1.8        2.30000001]
-13857.123027172662
[10.         10.         11.67927833  1.          0.9         1.1
  1.06293703  1.1         1.         -0.2        10.         10.        ]
1.8195894390984525e+18
[10.00000001 10.         11.67927833  1.          0.9         1.1
  1.06293703  1.1         1.         -0.2        10.         10.        ]
1.8195894390984525e+18
[10.         10.00000001 11.67927833  1.          0.9         1.1
  1.06293703  1.1         1.         -0.2        10.         10.        ]
1.8195894390984525e+18
[10.         10.         11.67927834  1.          0.9         1.1
  1.06293703  1.1         1.         -0.2        10.         10.        ]
1.8195894390984525e+18
[10.         10.         11.67927833  1.00000001  0.9         1.1
  1.06293703  1.1         1.         -0.2        10.         10.        ]
1.8195894390984525e+18
[10.         10.         11.67927833  1.          0.90000001  1.1
  1.06293703  1.1         1.         -0.2        10.         10.        ]
1.8195893588283328e+18
[10.         10.         11.67927833  1.          0.9         1.10000001
  1.06293703  1.1         1.         -0.2        10.         10.        ]
1.819589577397516e+18
[10.         10.         11.67927833  1.          0.9         1.1
  1.06293704  1.1         1.         -0.2        10.         10.        ]
1.819589440344909e+18
[10.         10.         11.67927833  1.          0.9         1.1
  1.06293703  1.10000001  1.         -0.2        10.         10.        ]
1.8195894407641137e+18
[10.         10.         11.67927833  1.          0.9         1.1
  1.06293703  1.1         1.00000001 -0.2        10.         10.        ]
1.819589478555878e+18
[10.         10.         11.67927833  1.          0.9         1.1
  1.06293703  1.1         1.         -0.19999999 10.         10.        ]
1.8195894400681592e+18
[10.         10.         11.67927833  1.          0.9         1.1
  1.06293703  1.1         1.         -0.2        10.00000001 10.        ]
1.819589440918043e+18
[10.         10.         11.67927833  1.          0.9         1.1
  1.06293703  1.1         1.         -0.2        10.         10.00000001]
1.819589533623028e+18
[ 4.26618108  3.86144092  3.93573677  1.          0.96745669  1.03254331
  1.02048179  1.03254331  0.32543307 -0.06508661  4.46855116  4.80583463]
77465.24541445656
[ 4.26618109  3.86144092  3.93573677  1.          0.96745669  1.03254331
  1.02048179  1.03254331  0.32543307 -0.06508661  4.46855116  4.80583463]
77465.2454166686
[ 4.26618108  3.86144093  3.93573677  1.          0.96745669  1.03254331
  1.02048179  1.03254331  0.32543307 -0.06508661  4.46855116  4.80583463]
77465.24541512207
[ 4.26618108  3.86144092  3.93573678  1.          0.96745669  1.03254331
  1.02048179  1.03254331  0.32543307 -0.06508661  4.46855116  4.80583463]
77465.2454144567
[ 4.26618108  3.86144092  3.93573677  1.00000001  0.96745669  1.03254331
  1.02048179  1.03254331  0.32543307 -0.06508661  4.46855116  4.80583463]
77465.24541445656
[ 4.26618108  3.86144092  3.93573677  1.          0.9674567   1.03254331
  1.02048179  1.03254331  0.32543307 -0.06508661  4.46855116  4.80583463]
77465.24002521076
[ 4.26618108  3.86144092  3.93573677  1.          0.96745669  1.03254332
  1.02048179  1.03254331  0.32543307 -0.06508661  4.46855116  4.80583463]
77465.24457642493
[ 4.26618108  3.86144092  3.93573677  1.          0.96745669  1.03254331
  1.0204818   1.03254331  0.32543307 -0.06508661  4.46855116  4.80583463]
77465.24551270633
[ 4.26618108  3.86144092  3.93573677  1.          0.96745669  1.03254331
  1.02048179  1.03254332  0.32543307 -0.06508661  4.46855116  4.80583463]
77465.24835586964
[ 4.26618108  3.86144092  3.93573677  1.          0.96745669  1.03254331
  1.02048179  1.03254331  0.32543308 -0.06508661  4.46855116  4.80583463]
77465.25029908441
[ 4.26618108  3.86144092  3.93573677  1.          0.96745669  1.03254331
  1.02048179  1.03254331  0.32543307 -0.0650866   4.46855116  4.80583463]
77465.24390028528
[ 4.26618108  3.86144092  3.93573677  1.          0.96745669  1.03254331
  1.02048179  1.03254331  0.32543307 -0.06508661  4.46855117  4.80583463]
77465.24566247666
[ 4.26618108  3.86144092  3.93573677  1.          0.96745669  1.03254331
  1.02048179  1.03254331  0.32543307 -0.06508661  4.46855116  4.80583464]
77465.25022491348
[ 2.41537602  1.8799908   1.43621837  1.          0.98923087  1.01076913
  1.00677777  1.01076913  0.1076913  -0.02153826  2.68306863  3.12922298]
-16374.35693135629
[ 2.41537603  1.8799908   1.43621837  1.          0.98923087  1.01076913
  1.00677777  1.01076913  0.1076913  -0.02153826  2.68306863  3.12922298]
-16374.356944622763
[ 2.41537602  1.87999081  1.43621837  1.          0.98923087  1.01076913
  1.00677777  1.01076913  0.1076913  -0.02153826  2.68306863  3.12922298]
-16374.356933441833
[ 2.41537602  1.8799908   1.43621838  1.          0.98923087  1.01076913
  1.00677777  1.01076913  0.1076913  -0.02153826  2.68306863  3.12922298]
-16374.356931391432
[ 2.41537602  1.8799908   1.43621837  1.00000001  0.98923087  1.01076913
  1.00677777  1.01076913  0.1076913  -0.02153826  2.68306863  3.12922298]
-16374.35693135629
[ 2.41537602  1.8799908   1.43621837  1.          0.98923088  1.01076913
  1.00677777  1.01076913  0.1076913  -0.02153826  2.68306863  3.12922298]
-16374.356915309245
[ 2.41537602  1.8799908   1.43621837  1.          0.98923087  1.01076914
  1.00677777  1.01076913  0.1076913  -0.02153826  2.68306863  3.12922298]
-16374.356929126167
[ 2.41537602  1.8799908   1.43621837  1.          0.98923087  1.01076913
  1.00677778  1.01076913  0.1076913  -0.02153826  2.68306863  3.12922298]
-16374.356931598782
[ 2.41537602  1.8799908   1.43621837  1.          0.98923087  1.01076913
  1.00677777  1.01076914  0.1076913  -0.02153826  2.68306863  3.12922298]
-16374.356939926329
[ 2.41537602  1.8799908   1.43621837  1.          0.98923087  1.01076913
  1.00677777  1.01076913  0.10769131 -0.02153826  2.68306863  3.12922298]
-16374.356970254641
[ 2.41537602  1.8799908   1.43621837  1.          0.98923087  1.01076913
  1.00677777  1.01076913  0.1076913  -0.02153825  2.68306863  3.12922298]
-16374.356932855122
[ 2.41537602  1.8799908   1.43621837  1.          0.98923087  1.01076913
  1.00677777  1.01076913  0.1076913  -0.02153826  2.68306864  3.12922298]
-16374.356932475706
[ 2.41537602  1.8799908   1.43621837  1.          0.98923087  1.01076913
  1.00677777  1.01076913  0.1076913  -0.02153826  2.68306863  3.12922299]
-16374.356939366582
[ 3.63690736  3.18774788  3.08590051  1.          0.97485991  1.02514009
  1.01582242  1.02514009  0.25140087 -0.05028017  3.8614871   4.23578667]
-20796.185714826006
[ 3.63690737  3.18774788  3.08590051  1.          0.97485991  1.02514009
  1.01582242  1.02514009  0.25140087 -0.05028017  3.8614871   4.23578667]
-20796.185714277097
[ 3.63690736  3.18774789  3.08590051  1.          0.97485991  1.02514009
  1.01582242  1.02514009  0.25140087 -0.05028017  3.8614871   4.23578667]
-20796.185714740375
[ 3.63690736  3.18774788  3.08590052  1.          0.97485991  1.02514009
  1.01582242  1.02514009  0.25140087 -0.05028017  3.8614871   4.23578667]
-20796.18571483515
[ 3.63690736  3.18774788  3.08590051  1.00000001  0.97485991  1.02514009
  1.01582242  1.02514009  0.25140087 -0.05028017  3.8614871   4.23578667]
-20796.185714826006
[ 3.63690736  3.18774788  3.08590051  1.          0.97485992  1.02514009
  1.01582242  1.02514009  0.25140087 -0.05028017  3.8614871   4.23578667]
-20796.185812252214
[ 3.63690736  3.18774788  3.08590051  1.          0.97485991  1.0251401
  1.01582242  1.02514009  0.25140087 -0.05028017  3.8614871   4.23578667]
-20796.18572527374
[ 3.63690736  3.18774788  3.08590051  1.          0.97485991  1.02514009
  1.01582243  1.02514009  0.25140087 -0.05028017  3.8614871   4.23578667]
-20796.185713045175
[ 3.63690736  3.18774788  3.08590051  1.          0.97485991  1.02514009
  1.01582242  1.0251401   0.25140087 -0.05028017  3.8614871   4.23578667]
-20796.185657996666
[ 3.63690736  3.18774788  3.08590051  1.          0.97485991  1.02514009
  1.01582242  1.02514009  0.25140088 -0.05028017  3.8614871   4.23578667]
-20796.185599277538
[ 3.63690736  3.18774788  3.08590051  1.          0.97485991  1.02514009
  1.01582242  1.02514009  0.25140087 -0.05028016  3.8614871   4.23578667]
-20796.185716864686
[ 3.63690736  3.18774788  3.08590051  1.          0.97485991  1.02514009
  1.01582242  1.02514009  0.25140087 -0.05028017  3.86148711  4.23578667]
-20796.185708598932
[ 3.63690736  3.18774788  3.08590051  1.          0.97485991  1.02514009
  1.01582242  1.02514009  0.25140087 -0.05028017  3.8614871   4.23578668]
-20796.18560364935
[ 2.64687058  2.12782615  1.74885254  1.          0.9865074   1.0134926
  1.00849184  1.0134926   0.13492595 -0.02698519  2.90639279  3.33892982]
-17118.840243281167
[ 2.64687059  2.12782615  1.74885254  1.          0.9865074   1.0134926
  1.00849184  1.0134926   0.13492595 -0.02698519  2.90639279  3.33892982]
-17118.840253941413
[ 2.64687058  2.12782616  1.74885254  1.          0.9865074   1.0134926
  1.00849184  1.0134926   0.13492595 -0.02698519  2.90639279  3.33892982]
-17118.840245185
[ 2.64687058  2.12782615  1.74885255  1.          0.9865074   1.0134926
  1.00849184  1.0134926   0.13492595 -0.02698519  2.90639279  3.33892982]
-17118.84024331262
[ 2.64687058  2.12782615  1.74885254  1.00000001  0.9865074   1.0134926
  1.00849184  1.0134926   0.13492595 -0.02698519  2.90639279  3.33892982]
-17118.840243281167
[ 2.64687058  2.12782615  1.74885254  1.          0.98650741  1.0134926
  1.00849184  1.0134926   0.13492595 -0.02698519  2.90639279  3.33892982]
-17118.840220550577
[ 2.64687058  2.12782615  1.74885254  1.          0.9865074   1.01349261
  1.00849184  1.0134926   0.13492595 -0.02698519  2.90639279  3.33892982]
-17118.8402357304
[ 2.64687058  2.12782615  1.74885254  1.          0.9865074   1.0134926
  1.00849185  1.0134926   0.13492595 -0.02698519  2.90639279  3.33892982]
-17118.84024370368
[ 2.64687058  2.12782615  1.74885254  1.          0.9865074   1.0134926
  1.00849184  1.01349261  0.13492595 -0.02698519  2.90639279  3.33892982]
-17118.840258671014
[ 2.64687058  2.12782615  1.74885254  1.          0.9865074   1.0134926
  1.00849184  1.0134926   0.13492596 -0.02698519  2.90639279  3.33892982]
-17118.840295317743
[ 2.64687058  2.12782615  1.74885254  1.          0.9865074   1.0134926
  1.00849184  1.0134926   0.13492595 -0.02698518  2.90639279  3.33892982]
-17118.84024633157
... end of analysis. all models cleaned from memory.
... end of analysis. all models cleaned from memory.
